Process Process-1:
Traceback (most recent call last):
  File "/home/ubuntu/anaconda3/envs/pytorch_p36/lib/python3.6/multiprocessing/process.py", line 258, in _bootstrap
    self.run()
  File "/home/ubuntu/anaconda3/envs/pytorch_p36/lib/python3.6/multiprocessing/process.py", line 93, in run
    self._target(*self._args, **self._kwargs)
  File "/home/ubuntu/reinforcement-learning/rlkits/env_batch.py", line 127, in worker
    worker_connection.send((env.observation_space, env.action_space))
AttributeError: 'NoneType' object has no attribute 'observation_space'
Process Process-2:
Traceback (most recent call last):
  File "/home/ubuntu/anaconda3/envs/pytorch_p36/lib/python3.6/multiprocessing/process.py", line 258, in _bootstrap
    self.run()
  File "/home/ubuntu/anaconda3/envs/pytorch_p36/lib/python3.6/multiprocessing/process.py", line 93, in run
    self._target(*self._args, **self._kwargs)
  File "/home/ubuntu/reinforcement-learning/rlkits/env_batch.py", line 127, in worker
    worker_connection.send((env.observation_space, env.action_space))
AttributeError: 'NoneType' object has no attribute 'observation_space'
Process Process-3:
Traceback (most recent call last):
  File "/home/ubuntu/anaconda3/envs/pytorch_p36/lib/python3.6/multiprocessing/process.py", line 258, in _bootstrap
    self.run()
  File "/home/ubuntu/anaconda3/envs/pytorch_p36/lib/python3.6/multiprocessing/process.py", line 93, in run
    self._target(*self._args, **self._kwargs)
  File "/home/ubuntu/reinforcement-learning/rlkits/env_batch.py", line 127, in worker
    worker_connection.send((env.observation_space, env.action_space))
AttributeError: 'NoneType' object has no attribute 'observation_space'
Process Process-4:
Traceback (most recent call last):
  File "/home/ubuntu/anaconda3/envs/pytorch_p36/lib/python3.6/multiprocessing/process.py", line 258, in _bootstrap
    self.run()
  File "/home/ubuntu/anaconda3/envs/pytorch_p36/lib/python3.6/multiprocessing/process.py", line 93, in run
    self._target(*self._args, **self._kwargs)
  File "/home/ubuntu/reinforcement-learning/rlkits/env_batch.py", line 127, in worker
    worker_connection.send((env.observation_space, env.action_space))
AttributeError: 'NoneType' object has no attribute 'observation_space'
Traceback (most recent call last):
  File "v2.py", line 285, in <module>
    env=ParallelEnvBatch(make_env, nenvs=4)
  File "/home/ubuntu/reinforcement-learning/rlkits/env_batch.py", line 175, in __init__
    ob_space, ac_space = conn.recv()
  File "/home/ubuntu/anaconda3/envs/pytorch_p36/lib/python3.6/multiprocessing/connection.py", line 250, in recv
    buf = self._recv_bytes()
  File "/home/ubuntu/anaconda3/envs/pytorch_p36/lib/python3.6/multiprocessing/connection.py", line 407, in _recv_bytes
    buf = self._recv(4)
  File "/home/ubuntu/anaconda3/envs/pytorch_p36/lib/python3.6/multiprocessing/connection.py", line 383, in _recv
    raise EOFError
EOFError
Logging to /home/ubuntu/tmp/logs/ppo/cartpole
Traceback (most recent call last):
  File "v2.py", line 302, in <module>
    activation=torch.nn.Tanh, 
  File "v2.py", line 156, in PPO_clip
    **network_kwargs)
  File "/home/ubuntu/reinforcement-learning/rlkits/policies.py", line 56, in __init__
    self.output_dim = self.ac_space.shape[-1]
IndexError: tuple index out of range
Logging to /home/ubuntu/tmp/logs/ppo/cartpole
Type of the environment <class 'rlkits.env_batch.ParallelEnvBatch'>
---------------------------------------
| cliprange          | 0.2            |
| explained_variance | -7.49e-05      |
| FPS                | 1336           |
| iteration/nupdates | 1/1000         |
| loss               | 28.167957      |
| MAEpLen            | 13.8           |
| MAEpRet            | 14.8           |
| MeanStepRew        | 1.0            |
| PolicyNetAvgW      | 4.1512758e-05  |
| Q                  | 14.915163      |
| ValueNetAvgW       | 0.00035667658  |
| vpreds             | -0.00043675292 |
| VQDiff             | 284.711        |
---------------------------------------
--------------------------------------
| cliprange          | 0.199         |
| explained_variance | -0.000163     |
| FPS                | 4522          |
| iteration/nupdates | 10/1000       |
| loss               | 28.184317     |
| MAEpLen            | 16.5          |
| MAEpRet            | 17.5          |
| MeanStepRew        | 1.0           |
| PolicyNetAvgW      | 4.036531e-05  |
| Q                  | 14.924767     |
| ValueNetAvgW       | 0.00035526985 |
| vpreds             | 0.0051470688  |
| VQDiff             | 284.8224      |
--------------------------------------
--------------------------------------
| cliprange          | 0.198         |
| explained_variance | -0.00155      |
| FPS                | 4517          |
| iteration/nupdates | 20/1000       |
| loss               | 28.164938     |
| MAEpLen            | 19.6          |
| MAEpRet            | 20.6          |
| MeanStepRew        | 1.0           |
| PolicyNetAvgW      | 4.0785722e-05 |
| Q                  | 14.918335     |
| ValueNetAvgW       | 0.00035338875 |
| vpreds             | 0.007522263   |
| VQDiff             | 284.6551      |
--------------------------------------
--------------------------------------
| cliprange          | 0.197         |
| explained_variance | -0.000146     |
| FPS                | 4525          |
| iteration/nupdates | 30/1000       |
| loss               | 28.195974     |
| MAEpLen            | 18.2          |
| MAEpRet            | 19.2          |
| MeanStepRew        | 1.0           |
| PolicyNetAvgW      | 4.200302e-05  |
| Q                  | 14.911127     |
| ValueNetAvgW       | 0.00033794477 |
| vpreds             | -0.013465057  |
| VQDiff             | 284.98978     |
--------------------------------------
--------------------------------------
| cliprange          | 0.196         |
| explained_variance | 0.000959      |
| FPS                | 4474          |
| iteration/nupdates | 40/1000       |
| loss               | 28.145733     |
| MAEpLen            | 18.3          |
| MAEpRet            | 19.3          |
| MeanStepRew        | 1.0           |
| PolicyNetAvgW      | 4.211886e-05  |
| Q                  | 14.91342      |
| ValueNetAvgW       | 0.00033254293 |
| vpreds             | 0.0018399679  |
| VQDiff             | 284.52936     |
--------------------------------------
--------------------------------------
| cliprange          | 0.195         |
| explained_variance | 2.88e-05      |
| FPS                | 4266          |
| iteration/nupdates | 50/1000       |
| loss               | 28.153585     |
| MAEpLen            | 18.2          |
| MAEpRet            | 19.2          |
| MeanStepRew        | 1.0           |
| PolicyNetAvgW      | 4.2406136e-05 |
| Q                  | 14.921747     |
| ValueNetAvgW       | 0.00034889023 |
| vpreds             | 0.010753018   |
| VQDiff             | 284.55817     |
--------------------------------------
--------------------------------------
| cliprange          | 0.194         |
| explained_variance | -0.00468      |
| FPS                | 4250          |
| iteration/nupdates | 60/1000       |
| loss               | 28.241154     |
| MAEpLen            | 17.7          |
| MAEpRet            | 18.7          |
| MeanStepRew        | 1.0           |
| PolicyNetAvgW      | 4.0143714e-05 |
| Q                  | 14.937462     |
| ValueNetAvgW       | 0.00036485476 |
| vpreds             | 0.006473202   |
| VQDiff             | 285.42725     |
--------------------------------------
--------------------------------------
| cliprange          | 0.193         |
| explained_variance | 0.00504       |
| FPS                | 4546          |
| iteration/nupdates | 70/1000       |
| loss               | 28.159414     |
| MAEpLen            | 18            |
| MAEpRet            | 19            |
| MeanStepRew        | 1.0           |
| PolicyNetAvgW      | 4.1269464e-05 |
| Q                  | 14.9424925    |
| ValueNetAvgW       | 0.00035490192 |
| vpreds             | 0.019105282   |
| VQDiff             | 284.58728     |
--------------------------------------
-------------------------------------
| cliprange          | 0.192        |
| explained_variance | 0.00339      |
| FPS                | 4521         |
| iteration/nupdates | 80/1000      |
| loss               | 28.163446    |
| MAEpLen            | 18.4         |
| MAEpRet            | 19.4         |
| MeanStepRew        | 1.0          |
| PolicyNetAvgW      | 4.146393e-05 |
| Q                  | 14.921783    |
| ValueNetAvgW       | 0.0003575017 |
| vpreds             | 0.0067510004 |
| VQDiff             | 284.47003    |
-------------------------------------
--------------------------------------
| cliprange          | 0.191         |
| explained_variance | -0.00637      |
| FPS                | 4356          |
| iteration/nupdates | 90/1000       |
| loss               | 28.413607     |
| MAEpLen            | 18.8          |
| MAEpRet            | 19.8          |
| MeanStepRew        | 1.0           |
| PolicyNetAvgW      | 4.446821e-05  |
| Q                  | 14.999046     |
| ValueNetAvgW       | 0.00036512682 |
| vpreds             | 0.014885502   |
| VQDiff             | 287.0393      |
--------------------------------------
--------------------------------------
| cliprange          | 0.19          |
| explained_variance | 0.0124        |
| FPS                | 4096          |
| iteration/nupdates | 100/1000      |
| loss               | 28.093674     |
| MAEpLen            | 18.4          |
| MAEpRet            | 19.4          |
| MeanStepRew        | 1.0           |
| PolicyNetAvgW      | 4.452259e-05  |
| Q                  | 14.892918     |
| ValueNetAvgW       | 0.00035858012 |
| vpreds             | -0.0155526055 |
| VQDiff             | 283.7573      |
--------------------------------------
--------------------------------------
| cliprange          | 0.189         |
| explained_variance | -0.00343      |
| FPS                | 4112          |
| iteration/nupdates | 110/1000      |
| loss               | 28.425192     |
| MAEpLen            | 18.8          |
| MAEpRet            | 19.8          |
| MeanStepRew        | 1.0           |
| PolicyNetAvgW      | 4.3865817e-05 |
| Q                  | 14.990425     |
| ValueNetAvgW       | 0.0003589134  |
| vpreds             | 0.0029669465  |
| VQDiff             | 286.98035     |
--------------------------------------
--------------------------------------
| cliprange          | 0.188         |
| explained_variance | -0.00417      |
| FPS                | 4113          |
| iteration/nupdates | 120/1000      |
| loss               | 28.129578     |
| MAEpLen            | 18.7          |
| MAEpRet            | 19.7          |
| MeanStepRew        | 1.0           |
| PolicyNetAvgW      | 4.2372878e-05 |
| Q                  | 14.890446     |
| ValueNetAvgW       | 0.00038557104 |
| vpreds             | -0.0004986925 |
| VQDiff             | 284.2794      |
--------------------------------------
--------------------------------------
| cliprange          | 0.187         |
| explained_variance | 0.00958       |
| FPS                | 4089          |
| iteration/nupdates | 130/1000      |
| loss               | 27.87682      |
| MAEpLen            | 19.3          |
| MAEpRet            | 20.3          |
| MeanStepRew        | 1.0           |
| PolicyNetAvgW      | 4.159229e-05  |
| Q                  | 14.811866     |
| ValueNetAvgW       | 0.00037995848 |
| vpreds             | -0.016618527  |
| VQDiff             | 281.68488     |
--------------------------------------
-------------------------------------
| cliprange          | 0.186        |
| explained_variance | 0.018        |
| FPS                | 4103         |
| iteration/nupdates | 140/1000     |
| loss               | 27.982956    |
| MAEpLen            | 19.2         |
| MAEpRet            | 20.2         |
| MeanStepRew        | 1.0          |
| PolicyNetAvgW      | 4.014271e-05 |
| Q                  | 14.90703     |
| ValueNetAvgW       | 0.0003813929 |
| vpreds             | 0.022533905  |
| VQDiff             | 282.71695    |
-------------------------------------
--------------------------------------
| cliprange          | 0.185         |
| explained_variance | -0.0181       |
| FPS                | 4292          |
| iteration/nupdates | 150/1000      |
| loss               | 28.45448      |
| MAEpLen            | 19.4          |
| MAEpRet            | 20.4          |
| MeanStepRew        | 1.0           |
| PolicyNetAvgW      | 3.9962746e-05 |
| Q                  | 14.9288025    |
| ValueNetAvgW       | 0.0003771731  |
| vpreds             | -0.034097865  |
| VQDiff             | 287.27966     |
--------------------------------------
--------------------------------------
| cliprange          | 0.184         |
| explained_variance | -0.00365      |
| FPS                | 4266          |
| iteration/nupdates | 160/1000      |
| loss               | 28.353796     |
| MAEpLen            | 19.8          |
| MAEpRet            | 20.8          |
| MeanStepRew        | 1.0           |
| PolicyNetAvgW      | 4.0557672e-05 |
| Q                  | 14.945217     |
| ValueNetAvgW       | 0.00037444843 |
| vpreds             | -0.01806522   |
| VQDiff             | 286.32965     |
--------------------------------------
--------------------------------------
| cliprange          | 0.183         |
| explained_variance | 0.00885       |
| FPS                | 4189          |
| iteration/nupdates | 170/1000      |
| loss               | 28.10716      |
| MAEpLen            | 19.6          |
| MAEpRet            | 20.6          |
| MeanStepRew        | 1.0           |
| PolicyNetAvgW      | 4.0357452e-05 |
| Q                  | 14.865488     |
| ValueNetAvgW       | 0.00037234204 |
| vpreds             | -0.035769682  |
| VQDiff             | 283.80402     |
--------------------------------------
--------------------------------------
| cliprange          | 0.182         |
| explained_variance | 0.00443       |
| FPS                | 4636          |
| iteration/nupdates | 180/1000      |
| loss               | 28.019053     |
| MAEpLen            | 19.8          |
| MAEpRet            | 20.8          |
| MeanStepRew        | 1.0           |
| PolicyNetAvgW      | 4.0857092e-05 |
| Q                  | 14.890863     |
| ValueNetAvgW       | 0.00037801443 |
| vpreds             | 0.025909707   |
| VQDiff             | 282.96793     |
--------------------------------------
--------------------------------------
| cliprange          | 0.181         |
| explained_variance | -0.0115       |
| FPS                | 4572          |
| iteration/nupdates | 190/1000      |
| loss               | 28.276405     |
| MAEpLen            | 20            |
| MAEpRet            | 21            |
| MeanStepRew        | 1.0           |
| PolicyNetAvgW      | 4.0914805e-05 |
| Q                  | 14.908375     |
| ValueNetAvgW       | 0.00036068473 |
| vpreds             | -0.008802424  |
| VQDiff             | 285.47733     |
--------------------------------------
--------------------------------------
| cliprange          | 0.18          |
| explained_variance | 0.00356       |
| FPS                | 4484          |
| iteration/nupdates | 200/1000      |
| loss               | 28.230003     |
| MAEpLen            | 19.9          |
| MAEpRet            | 20.9          |
| MeanStepRew        | 1.0           |
| PolicyNetAvgW      | 4.074484e-05  |
| Q                  | 14.909497     |
| ValueNetAvgW       | 0.00034860504 |
| vpreds             | -0.029394832  |
| VQDiff             | 285.1955      |
--------------------------------------
--------------------------------------
| cliprange          | 0.179         |
| explained_variance | -0.00356      |
| FPS                | 4525          |
| iteration/nupdates | 210/1000      |
| loss               | 28.225693     |
| MAEpLen            | 19.7          |
| MAEpRet            | 20.7          |
| MeanStepRew        | 1.0           |
| PolicyNetAvgW      | 4.0519e-05    |
| Q                  | 14.934471     |
| ValueNetAvgW       | 0.00034690747 |
| vpreds             | 0.009201481   |
| VQDiff             | 285.1901      |
--------------------------------------
--------------------------------------
| cliprange          | 0.178         |
| explained_variance | 0.000779      |
| FPS                | 4552          |
| iteration/nupdates | 220/1000      |
| loss               | 28.098396     |
| MAEpLen            | 19.8          |
| MAEpRet            | 20.8          |
| MeanStepRew        | 1.0           |
| PolicyNetAvgW      | 4.045012e-05  |
| Q                  | 14.878905     |
| ValueNetAvgW       | 0.00035751204 |
| vpreds             | -0.013040463  |
| VQDiff             | 284.00888     |
--------------------------------------
--------------------------------------
| cliprange          | 0.177         |
| explained_variance | 0.000828      |
| FPS                | 4552          |
| iteration/nupdates | 230/1000      |
| loss               | 28.172556     |
| MAEpLen            | 20.2          |
| MAEpRet            | 21.2          |
| MeanStepRew        | 1.0           |
| PolicyNetAvgW      | 4.0870902e-05 |
| Q                  | 14.882307     |
| ValueNetAvgW       | 0.00037866033 |
| vpreds             | -0.02273729   |
| VQDiff             | 284.3935      |
--------------------------------------
--------------------------------------
| cliprange          | 0.176         |
| explained_variance | 0.000512      |
| FPS                | 4142          |
| iteration/nupdates | 240/1000      |
| loss               | 28.138212     |
| MAEpLen            | 19.8          |
| MAEpRet            | 20.8          |
| MeanStepRew        | 1.0           |
| PolicyNetAvgW      | 4.1816354e-05 |
| Q                  | 14.910951     |
| ValueNetAvgW       | 0.00035410226 |
| vpreds             | 0.0060167154  |
| VQDiff             | 284.3626      |
--------------------------------------
--------------------------------------
| cliprange          | 0.175         |
| explained_variance | 0.000733      |
| FPS                | 4120          |
| iteration/nupdates | 250/1000      |
| loss               | 28.169746     |
| MAEpLen            | 20.1          |
| MAEpRet            | 21.1          |
| MeanStepRew        | 1.0           |
| PolicyNetAvgW      | 4.234095e-05  |
| Q                  | 14.914283     |
| ValueNetAvgW       | 0.0003335462  |
| vpreds             | 0.00017361296 |
| VQDiff             | 284.6176      |
--------------------------------------
--------------------------------------
| cliprange          | 0.174         |
| explained_variance | 0.00244       |
| FPS                | 4551          |
| iteration/nupdates | 260/1000      |
| loss               | 28.079323     |
| MAEpLen            | 20.7          |
| MAEpRet            | 21.7          |
| MeanStepRew        | 1.0           |
| PolicyNetAvgW      | 4.309974e-05  |
| Q                  | 14.911608     |
| ValueNetAvgW       | 0.00032955507 |
| vpreds             | 0.023436733   |
| VQDiff             | 283.7431      |
--------------------------------------
--------------------------------------
| cliprange          | 0.173         |
| explained_variance | -0.000505     |
| FPS                | 4507          |
| iteration/nupdates | 270/1000      |
| loss               | 28.201439     |
| MAEpLen            | 20.1          |
| MAEpRet            | 21.1          |
| MeanStepRew        | 1.0           |
| PolicyNetAvgW      | 4.252662e-05  |
| Q                  | 14.908687     |
| ValueNetAvgW       | 0.00032557495 |
| vpreds             | -0.009469802  |
| VQDiff             | 284.82468     |
--------------------------------------
--------------------------------------
| cliprange          | 0.172         |
| explained_variance | -0.000637     |
| FPS                | 4542          |
| iteration/nupdates | 280/1000      |
| loss               | 28.172466     |
| MAEpLen            | 19.5          |
| MAEpRet            | 20.5          |
| MeanStepRew        | 1.0           |
| PolicyNetAvgW      | 4.25483e-05   |
| Q                  | 14.928889     |
| ValueNetAvgW       | 0.00031514344 |
| vpreds             | 0.015224052   |
| VQDiff             | 284.66833     |
--------------------------------------
--------------------------------------
| cliprange          | 0.171         |
| explained_variance | -0.00525      |
| FPS                | 4524          |
| iteration/nupdates | 290/1000      |
| loss               | 28.272243     |
| MAEpLen            | 19.7          |
| MAEpRet            | 20.7          |
| MeanStepRew        | 1.0           |
| PolicyNetAvgW      | 4.1979438e-05 |
| Q                  | 14.942181     |
| ValueNetAvgW       | 0.00031857612 |
| vpreds             | 0.0052364264  |
| VQDiff             | 285.63055     |
--------------------------------------
--------------------------------------
| cliprange          | 0.17          |
| explained_variance | -0.00119      |
| FPS                | 4110          |
| iteration/nupdates | 300/1000      |
| loss               | 28.098938     |
| MAEpLen            | 19.9          |
| MAEpRet            | 20.9          |
| MeanStepRew        | 1.0           |
| PolicyNetAvgW      | 4.178696e-05  |
| Q                  | 14.895747     |
| ValueNetAvgW       | 0.00031891314 |
| vpreds             | 0.011777937   |
| VQDiff             | 283.86633     |
--------------------------------------
--------------------------------------
| cliprange          | 0.169         |
| explained_variance | -0.00142      |
| FPS                | 4093          |
| iteration/nupdates | 310/1000      |
| loss               | 28.208027     |
| MAEpLen            | 19.9          |
| MAEpRet            | 20.9          |
| MeanStepRew        | 1.0           |
| PolicyNetAvgW      | 4.0292784e-05 |
| Q                  | 14.924782     |
| ValueNetAvgW       | 0.0003135677  |
| vpreds             | 0.0027729324  |
| VQDiff             | 284.97223     |
--------------------------------------
--------------------------------------
| cliprange          | 0.168         |
| explained_variance | 0.00045       |
| FPS                | 4073          |
| iteration/nupdates | 320/1000      |
| loss               | 28.161976     |
| MAEpLen            | 20.2          |
| MAEpRet            | 21.2          |
| MeanStepRew        | 1.0           |
| PolicyNetAvgW      | 4.009893e-05  |
| Q                  | 14.91703      |
| ValueNetAvgW       | 0.00032104616 |
| vpreds             | 0.005603822   |
| VQDiff             | 284.55148     |
--------------------------------------
--------------------------------------
| cliprange          | 0.167         |
| explained_variance | 0.000816      |
| FPS                | 4132          |
| iteration/nupdates | 330/1000      |
| loss               | 28.193771     |
| MAEpLen            | 20.3          |
| MAEpRet            | 21.3          |
| MeanStepRew        | 1.0           |
| PolicyNetAvgW      | 4.1024716e-05 |
| Q                  | 14.916934     |
| ValueNetAvgW       | 0.00030759454 |
| vpreds             | -0.0020547018 |
| VQDiff             | 284.75427     |
--------------------------------------
--------------------------------------
| cliprange          | 0.166         |
| explained_variance | 0.00291       |
| FPS                | 4116          |
| iteration/nupdates | 340/1000      |
| loss               | 28.14901      |
| MAEpLen            | 20.3          |
| MAEpRet            | 21.3          |
| MeanStepRew        | 1.0           |
| PolicyNetAvgW      | 4.1833773e-05 |
| Q                  | 14.929593     |
| ValueNetAvgW       | 0.00030214398 |
| vpreds             | 0.01841385    |
| VQDiff             | 284.37366     |
--------------------------------------
--------------------------------------
| cliprange          | 0.165         |
| explained_variance | 0.00251       |
| FPS                | 4125          |
| iteration/nupdates | 350/1000      |
| loss               | 28.12249      |
| MAEpLen            | 20.3          |
| MAEpRet            | 21.3          |
| MeanStepRew        | 1.0           |
| PolicyNetAvgW      | 3.9171253e-05 |
| Q                  | 14.902771     |
| ValueNetAvgW       | 0.00029830445 |
| vpreds             | 0.002514914   |
| VQDiff             | 284.11172     |
--------------------------------------
--------------------------------------
| cliprange          | 0.164         |
| explained_variance | -0.000812     |
| FPS                | 4146          |
| iteration/nupdates | 360/1000      |
| loss               | 28.15736      |
| MAEpLen            | 20.5          |
| MAEpRet            | 21.5          |
| MeanStepRew        | 1.0           |
| PolicyNetAvgW      | 3.9261773e-05 |
| Q                  | 14.8941       |
| ValueNetAvgW       | 0.00030256485 |
| vpreds             | -0.00950285   |
| VQDiff             | 284.43085     |
--------------------------------------
--------------------------------------
| cliprange          | 0.163         |
| explained_variance | 0.00215       |
| FPS                | 4529          |
| iteration/nupdates | 370/1000      |
| loss               | 28.111843     |
| MAEpLen            | 21.3          |
| MAEpRet            | 22.3          |
| MeanStepRew        | 1.0           |
| PolicyNetAvgW      | 3.8880513e-05 |
| Q                  | 14.90439      |
| ValueNetAvgW       | 0.0003076326  |
| vpreds             | 0.008811792   |
| VQDiff             | 283.99222     |
--------------------------------------
--------------------------------------
| cliprange          | 0.162         |
| explained_variance | 0.00157       |
| FPS                | 4503          |
| iteration/nupdates | 380/1000      |
| loss               | 28.146488     |
| MAEpLen            | 21.7          |
| MAEpRet            | 22.7          |
| MeanStepRew        | 1.0           |
| PolicyNetAvgW      | 3.886577e-05  |
| Q                  | 14.9167       |
| ValueNetAvgW       | 0.00029540053 |
| vpreds             | 0.010031367   |
| VQDiff             | 284.34        |
--------------------------------------
--------------------------------------
| cliprange          | 0.161         |
| explained_variance | 0.00119       |
| FPS                | 4480          |
| iteration/nupdates | 390/1000      |
| loss               | 28.153645     |
| MAEpLen            | 21.3          |
| MAEpRet            | 22.3          |
| MeanStepRew        | 1.0           |
| PolicyNetAvgW      | 3.8093494e-05 |
| Q                  | 14.899736     |
| ValueNetAvgW       | 0.00028796477 |
| vpreds             | -0.007561769  |
| VQDiff             | 284.40753     |
--------------------------------------
--------------------------------------
| cliprange          | 0.16          |
| explained_variance | 0.000281      |
| FPS                | 4491          |
| iteration/nupdates | 400/1000      |
| loss               | 28.188345     |
| MAEpLen            | 21.4          |
| MAEpRet            | 22.4          |
| MeanStepRew        | 1.0           |
| PolicyNetAvgW      | 3.7829275e-05 |
| Q                  | 14.923641     |
| ValueNetAvgW       | 0.00029617295 |
| vpreds             | 0.0063606817  |
| VQDiff             | 284.72687     |
--------------------------------------
--------------------------------------
| cliprange          | 0.159         |
| explained_variance | -0.00166      |
| FPS                | 4547          |
| iteration/nupdates | 410/1000      |
| loss               | 28.201494     |
| MAEpLen            | 21.1          |
| MAEpRet            | 22.1          |
| MeanStepRew        | 1.0           |
| PolicyNetAvgW      | 3.7298618e-05 |
| Q                  | 14.922243     |
| ValueNetAvgW       | 0.0002802335  |
| vpreds             | 0.0035854694  |
| VQDiff             | 284.8907      |
--------------------------------------
--------------------------------------
| cliprange          | 0.158         |
| explained_variance | -0.000114     |
| FPS                | 4520          |
| iteration/nupdates | 420/1000      |
| loss               | 28.201286     |
| MAEpLen            | 21.1          |
| MAEpRet            | 22.1          |
| MeanStepRew        | 1.0           |
| PolicyNetAvgW      | 3.725767e-05  |
| Q                  | 14.921504     |
| ValueNetAvgW       | 0.00027318462 |
| vpreds             | 0.0010469184  |
| VQDiff             | 284.84924     |
--------------------------------------
--------------------------------------
| cliprange          | 0.157         |
| explained_variance | -0.000382     |
| FPS                | 4543          |
| iteration/nupdates | 430/1000      |
| loss               | 28.16916      |
| MAEpLen            | 20.8          |
| MAEpRet            | 21.8          |
| MeanStepRew        | 1.0           |
| PolicyNetAvgW      | 3.6908692e-05 |
| Q                  | 14.910894     |
| ValueNetAvgW       | 0.00028178722 |
| vpreds             | 0.0013301942  |
| VQDiff             | 284.55685     |
--------------------------------------
--------------------------------------
| cliprange          | 0.156         |
| explained_variance | -0.000797     |
| FPS                | 4494          |
| iteration/nupdates | 440/1000      |
| loss               | 28.17382      |
| MAEpLen            | 21.2          |
| MAEpRet            | 22.2          |
| MeanStepRew        | 1.0           |
| PolicyNetAvgW      | 3.6385405e-05 |
| Q                  | 14.906394     |
| ValueNetAvgW       | 0.00028222543 |
| vpreds             | -0.0023441215 |
| VQDiff             | 284.56482     |
--------------------------------------
--------------------------------------
| cliprange          | 0.155         |
| explained_variance | -0.000889     |
| FPS                | 4529          |
| iteration/nupdates | 450/1000      |
| loss               | 28.201645     |
| MAEpLen            | 21.3          |
| MAEpRet            | 22.3          |
| MeanStepRew        | 1.0           |
| PolicyNetAvgW      | 3.6368663e-05 |
| Q                  | 14.933945     |
| ValueNetAvgW       | 0.00027587905 |
| vpreds             | 0.014596481   |
| VQDiff             | 284.84717     |
--------------------------------------
--------------------------------------
| cliprange          | 0.154         |
| explained_variance | 0.0031        |
| FPS                | 4529          |
| iteration/nupdates | 460/1000      |
| loss               | 28.19564      |
| MAEpLen            | 21.1          |
| MAEpRet            | 22.1          |
| MeanStepRew        | 1.0           |
| PolicyNetAvgW      | 3.6791796e-05 |
| Q                  | 14.897348     |
| ValueNetAvgW       | 0.0002627055  |
| vpreds             | -0.026460582  |
| VQDiff             | 284.7855      |
--------------------------------------
--------------------------------------
| cliprange          | 0.153         |
| explained_variance | -0.00192      |
| FPS                | 4538          |
| iteration/nupdates | 470/1000      |
| loss               | 28.292278     |
| MAEpLen            | 20.9          |
| MAEpRet            | 21.9          |
| MeanStepRew        | 1.0           |
| PolicyNetAvgW      | 3.6976417e-05 |
| Q                  | 14.933836     |
| ValueNetAvgW       | 0.00028336994 |
| vpreds             | -0.009294755  |
| VQDiff             | 285.62213     |
--------------------------------------
--------------------------------------
| cliprange          | 0.152         |
| explained_variance | 0.00254       |
| FPS                | 4531          |
| iteration/nupdates | 480/1000      |
| loss               | 28.122566     |
| MAEpLen            | 20.9          |
| MAEpRet            | 21.9          |
| MeanStepRew        | 1.0           |
| PolicyNetAvgW      | 3.7624137e-05 |
| Q                  | 14.894656     |
| ValueNetAvgW       | 0.00031086837 |
| vpreds             | -0.0036169302 |
| VQDiff             | 284.06238     |
--------------------------------------
-------------------------------------
| cliprange          | 0.151        |
| explained_variance | -0.0012      |
| FPS                | 4513         |
| iteration/nupdates | 490/1000     |
| loss               | 28.205904    |
| MAEpLen            | 20.6         |
| MAEpRet            | 21.6         |
| MeanStepRew        | 1.0          |
| PolicyNetAvgW      | 3.720916e-05 |
| Q                  | 14.911009    |
| ValueNetAvgW       | 0.0003018806 |
| vpreds             | -0.007871082 |
| VQDiff             | 284.8849     |
-------------------------------------
--------------------------------------
| cliprange          | 0.15          |
| explained_variance | -0.000823     |
| FPS                | 4513          |
| iteration/nupdates | 500/1000      |
| loss               | 28.162857     |
| MAEpLen            | 20.8          |
| MAEpRet            | 21.8          |
| MeanStepRew        | 1.0           |
| PolicyNetAvgW      | 3.6771336e-05 |
| Q                  | 14.895427     |
| ValueNetAvgW       | 0.00029088106 |
| vpreds             | -0.008562557  |
| VQDiff             | 284.4405      |
--------------------------------------
---------------------------------------
| cliprange          | 0.149          |
| explained_variance | 0.000601       |
| FPS                | 4517           |
| iteration/nupdates | 510/1000       |
| loss               | 28.183651      |
| MAEpLen            | 20.2           |
| MAEpRet            | 21.2           |
| MeanStepRew        | 1.0            |
| PolicyNetAvgW      | 3.6918056e-05  |
| Q                  | 14.914408      |
| ValueNetAvgW       | 0.00028662122  |
| vpreds             | -0.00021215453 |
| VQDiff             | 284.64105      |
---------------------------------------
--------------------------------------
| cliprange          | 0.148         |
| explained_variance | -0.0014       |
| FPS                | 4475          |
| iteration/nupdates | 520/1000      |
| loss               | 28.213215     |
| MAEpLen            | 20.5          |
| MAEpRet            | 21.5          |
| MeanStepRew        | 1.0           |
| PolicyNetAvgW      | 3.7843296e-05 |
| Q                  | 14.927384     |
| ValueNetAvgW       | 0.00027946837 |
| vpreds             | 0.0064225784  |
| VQDiff             | 284.9357      |
--------------------------------------
--------------------------------------
| cliprange          | 0.147         |
| explained_variance | 0.00381       |
| FPS                | 4537          |
| iteration/nupdates | 530/1000      |
| loss               | 28.190685     |
| MAEpLen            | 20.7          |
| MAEpRet            | 21.7          |
| MeanStepRew        | 1.0           |
| PolicyNetAvgW      | 3.815213e-05  |
| Q                  | 14.91503      |
| ValueNetAvgW       | 0.00026089803 |
| vpreds             | -0.009254856  |
| VQDiff             | 284.72852     |
--------------------------------------
--------------------------------------
| cliprange          | 0.146         |
| explained_variance | -1.36e-05     |
| FPS                | 4485          |
| iteration/nupdates | 540/1000      |
| loss               | 28.183594     |
| MAEpLen            | 20.8          |
| MAEpRet            | 21.8          |
| MeanStepRew        | 1.0           |
| PolicyNetAvgW      | 3.8487684e-05 |
| Q                  | 14.912571     |
| ValueNetAvgW       | 0.00026386091 |
| vpreds             | -0.0003309501 |
| VQDiff             | 284.6305      |
--------------------------------------
-------------------------------------
| cliprange          | 0.145        |
| explained_variance | -0.00406     |
| FPS                | 4497         |
| iteration/nupdates | 550/1000     |
| loss               | 28.24626     |
| MAEpLen            | 20.6         |
| MAEpRet            | 21.6         |
| MeanStepRew        | 1.0          |
| PolicyNetAvgW      | 3.855223e-05 |
| Q                  | 14.936683    |
| ValueNetAvgW       | 0.0002620783 |
| vpreds             | 0.009725539  |
| VQDiff             | 285.26648    |
-------------------------------------
--------------------------------------
| cliprange          | 0.144         |
| explained_variance | 0.00178       |
| FPS                | 4546          |
| iteration/nupdates | 560/1000      |
| loss               | 28.145596     |
| MAEpLen            | 20.8          |
| MAEpRet            | 21.8          |
| MeanStepRew        | 1.0           |
| PolicyNetAvgW      | 3.9128056e-05 |
| Q                  | 14.903192     |
| ValueNetAvgW       | 0.00025869542 |
| vpreds             | 0.00017012461 |
| VQDiff             | 284.23828     |
--------------------------------------
--------------------------------------
| cliprange          | 0.143         |
| explained_variance | -0.000934     |
| FPS                | 4505          |
| iteration/nupdates | 570/1000      |
| loss               | 28.179499     |
| MAEpLen            | 20.3          |
| MAEpRet            | 21.3          |
| MeanStepRew        | 1.0           |
| PolicyNetAvgW      | 3.9575796e-05 |
| Q                  | 14.918552     |
| ValueNetAvgW       | 0.00026495452 |
| vpreds             | 0.008996727   |
| VQDiff             | 284.5792      |
--------------------------------------
--------------------------------------
| cliprange          | 0.142         |
| explained_variance | 0.00142       |
| FPS                | 4535          |
| iteration/nupdates | 580/1000      |
| loss               | 28.19386      |
| MAEpLen            | 20.9          |
| MAEpRet            | 21.9          |
| MeanStepRew        | 1.0           |
| PolicyNetAvgW      | 3.9558116e-05 |
| Q                  | 14.916916     |
| ValueNetAvgW       | 0.00026106447 |
| vpreds             | -0.0012822165 |
| VQDiff             | 284.69354     |
--------------------------------------
--------------------------------------
| cliprange          | 0.141         |
| explained_variance | -0.000172     |
| FPS                | 4543          |
| iteration/nupdates | 590/1000      |
| loss               | 28.20535      |
| MAEpLen            | 20.5          |
| MAEpRet            | 21.5          |
| MeanStepRew        | 1.0           |
| PolicyNetAvgW      | 3.9431186e-05 |
| Q                  | 14.91642      |
| ValueNetAvgW       | 0.00026663355 |
| vpreds             | -0.0019985868 |
| VQDiff             | 284.7993      |
--------------------------------------
--------------------------------------
| cliprange          | 0.14          |
| explained_variance | -0.00162      |
| FPS                | 4486          |
| iteration/nupdates | 600/1000      |
| loss               | 28.198498     |
| MAEpLen            | 20.5          |
| MAEpRet            | 21.5          |
| MeanStepRew        | 1.0           |
| PolicyNetAvgW      | 3.973287e-05  |
| Q                  | 14.896593     |
| ValueNetAvgW       | 0.00026527586 |
| vpreds             | -0.016373314  |
| VQDiff             | 284.75735     |
--------------------------------------
--------------------------------------
| cliprange          | 0.139         |
| explained_variance | 0.00497       |
| FPS                | 4494          |
| iteration/nupdates | 610/1000      |
| loss               | 28.09918      |
| MAEpLen            | 20.7          |
| MAEpRet            | 21.7          |
| MeanStepRew        | 1.0           |
| PolicyNetAvgW      | 3.8821265e-05 |
| Q                  | 14.908087     |
| ValueNetAvgW       | 0.00025477144 |
| vpreds             | 0.015107397   |
| VQDiff             | 283.73312     |
--------------------------------------
-------------------------------------
| cliprange          | 0.138        |
| explained_variance | 0.00215      |
| FPS                | 4422         |
| iteration/nupdates | 620/1000     |
| loss               | 28.156584    |
| MAEpLen            | 21.1         |
| MAEpRet            | 22.1         |
| MeanStepRew        | 1.0          |
| PolicyNetAvgW      | 3.763719e-05 |
| Q                  | 14.912449    |
| ValueNetAvgW       | 0.0002485777 |
| vpreds             | 0.005608058  |
| VQDiff             | 284.316      |
-------------------------------------
--------------------------------------
| cliprange          | 0.137         |
| explained_variance | 0.00445       |
| FPS                | 4503          |
| iteration/nupdates | 630/1000      |
| loss               | 28.128302     |
| MAEpLen            | 21.3          |
| MAEpRet            | 22.3          |
| MeanStepRew        | 1.0           |
| PolicyNetAvgW      | 3.5755547e-05 |
| Q                  | 14.889662     |
| ValueNetAvgW       | 0.00024503237 |
| vpreds             | -0.01103359   |
| VQDiff             | 284.0224      |
--------------------------------------
--------------------------------------
| cliprange          | 0.136         |
| explained_variance | 0.00463       |
| FPS                | 4055          |
| iteration/nupdates | 640/1000      |
| loss               | 28.150667     |
| MAEpLen            | 21.5          |
| MAEpRet            | 22.5          |
| MeanStepRew        | 1.0           |
| PolicyNetAvgW      | 3.5331366e-05 |
| Q                  | 14.914671     |
| ValueNetAvgW       | 0.00023601679 |
| vpreds             | 0.0048139608  |
| VQDiff             | 284.24863     |
--------------------------------------
--------------------------------------
| cliprange          | 0.135         |
| explained_variance | 0.000407      |
| FPS                | 4128          |
| iteration/nupdates | 650/1000      |
| loss               | 28.213806     |
| MAEpLen            | 21.4          |
| MAEpRet            | 22.4          |
| MeanStepRew        | 1.0           |
| PolicyNetAvgW      | 3.556037e-05  |
| Q                  | 14.941251     |
| ValueNetAvgW       | 0.00023352876 |
| vpreds             | 0.017644618   |
| VQDiff             | 284.88315     |
--------------------------------------
-------------------------------------
| cliprange          | 0.134        |
| explained_variance | 0.00502      |
| FPS                | 4058         |
| iteration/nupdates | 660/1000     |
| loss               | 28.142883    |
| MAEpLen            | 21.6         |
| MAEpRet            | 22.6         |
| MeanStepRew        | 1.0          |
| PolicyNetAvgW      | 3.626848e-05 |
| Q                  | 14.876446    |
| ValueNetAvgW       | 0.0002313436 |
| vpreds             | -0.029967867 |
| VQDiff             | 284.1784     |
-------------------------------------
--------------------------------------
| cliprange          | 0.133         |
| explained_variance | 0.00281       |
| FPS                | 4108          |
| iteration/nupdates | 670/1000      |
| loss               | 28.161465     |
| MAEpLen            | 21.1          |
| MAEpRet            | 22.1          |
| MeanStepRew        | 1.0           |
| PolicyNetAvgW      | 3.6475583e-05 |
| Q                  | 14.909068     |
| ValueNetAvgW       | 0.00022965966 |
| vpreds             | 0.0033044317  |
| VQDiff             | 284.24887     |
--------------------------------------
--------------------------------------
| cliprange          | 0.132         |
| explained_variance | 0.000451      |
| FPS                | 4081          |
| iteration/nupdates | 680/1000      |
| loss               | 28.186005     |
| MAEpLen            | 21            |
| MAEpRet            | 22            |
| MeanStepRew        | 1.0           |
| PolicyNetAvgW      | 3.6732956e-05 |
| Q                  | 14.919191     |
| ValueNetAvgW       | 0.00023263176 |
| vpreds             | 0.00594829    |
| VQDiff             | 284.6023      |
--------------------------------------
--------------------------------------
| cliprange          | 0.131         |
| explained_variance | -0.000399     |
| FPS                | 4122          |
| iteration/nupdates | 690/1000      |
| loss               | 28.21146      |
| MAEpLen            | 20.6          |
| MAEpRet            | 21.6          |
| MeanStepRew        | 1.0           |
| PolicyNetAvgW      | 3.6878482e-05 |
| Q                  | 14.916779     |
| ValueNetAvgW       | 0.00022103378 |
| vpreds             | -0.0034024483 |
| VQDiff             | 284.86902     |
--------------------------------------
--------------------------------------
| cliprange          | 0.13          |
| explained_variance | 0.00265       |
| FPS                | 4113          |
| iteration/nupdates | 700/1000      |
| loss               | 28.161047     |
| MAEpLen            | 20.4          |
| MAEpRet            | 21.4          |
| MeanStepRew        | 1.0           |
| PolicyNetAvgW      | 3.6330624e-05 |
| Q                  | 14.895289     |
| ValueNetAvgW       | 0.0002274983  |
| vpreds             | -0.008929285  |
| VQDiff             | 284.23227     |
--------------------------------------
--------------------------------------
| cliprange          | 0.129         |
| explained_variance | -0.000546     |
| FPS                | 4121          |
| iteration/nupdates | 710/1000      |
| loss               | 28.267517     |
| MAEpLen            | 20.4          |
| MAEpRet            | 21.4          |
| MeanStepRew        | 1.0           |
| PolicyNetAvgW      | 3.4329423e-05 |
| Q                  | 14.941821     |
| ValueNetAvgW       | 0.00021621345 |
| vpreds             | 0.0064432514  |
| VQDiff             | 285.2932      |
--------------------------------------
--------------------------------------
| cliprange          | 0.128         |
| explained_variance | 0.0124        |
| FPS                | 4129          |
| iteration/nupdates | 720/1000      |
| loss               | 27.849434     |
| MAEpLen            | 20.9          |
| MAEpRet            | 21.9          |
| MeanStepRew        | 1.0           |
| PolicyNetAvgW      | 3.438702e-05  |
| Q                  | 14.803688     |
| ValueNetAvgW       | 0.00020944829 |
| vpreds             | -0.00980983   |
| VQDiff             | 281.06186     |
--------------------------------------
--------------------------------------
| cliprange          | 0.127         |
| explained_variance | -0.0144       |
| FPS                | 4106          |
| iteration/nupdates | 730/1000      |
| loss               | 28.62101      |
| MAEpLen            | 20.8          |
| MAEpRet            | 21.8          |
| MeanStepRew        | 1.0           |
| PolicyNetAvgW      | 3.436867e-05  |
| Q                  | 15.005883     |
| ValueNetAvgW       | 0.00022020446 |
| vpreds             | -0.025257273  |
| VQDiff             | 288.93256     |
--------------------------------------
--------------------------------------
| cliprange          | 0.126         |
| explained_variance | -0.00139      |
| FPS                | 4097          |
| iteration/nupdates | 740/1000      |
| loss               | 28.306866     |
| MAEpLen            | 21.1          |
| MAEpRet            | 22.1          |
| MeanStepRew        | 1.0           |
| PolicyNetAvgW      | 3.32169e-05   |
| Q                  | 14.928246     |
| ValueNetAvgW       | 0.00023951841 |
| vpreds             | -0.021491468  |
| VQDiff             | 285.79813     |
--------------------------------------
--------------------------------------
| cliprange          | 0.125         |
| explained_variance | 0.00499       |
| FPS                | 4107          |
| iteration/nupdates | 750/1000      |
| loss               | 28.132555     |
| MAEpLen            | 21.2          |
| MAEpRet            | 22.2          |
| MeanStepRew        | 1.0           |
| PolicyNetAvgW      | 3.3764532e-05 |
| Q                  | 14.929469     |
| ValueNetAvgW       | 0.00023930316 |
| vpreds             | 0.0322815     |
| VQDiff             | 283.82825     |
--------------------------------------
--------------------------------------
| cliprange          | 0.124         |
| explained_variance | -0.00334      |
| FPS                | 4093          |
| iteration/nupdates | 760/1000      |
| loss               | 28.480541     |
| MAEpLen            | 21.2          |
| MAEpRet            | 22.2          |
| MeanStepRew        | 1.0           |
| PolicyNetAvgW      | 3.3743367e-05 |
| Q                  | 14.993771     |
| ValueNetAvgW       | 0.0002505058  |
| vpreds             | -0.004034035  |
| VQDiff             | 287.264       |
--------------------------------------
--------------------------------------
| cliprange          | 0.123         |
| explained_variance | -0.0123       |
| FPS                | 4085          |
| iteration/nupdates | 770/1000      |
| loss               | 28.254562     |
| MAEpLen            | 20.9          |
| MAEpRet            | 21.9          |
| MeanStepRew        | 1.0           |
| PolicyNetAvgW      | 3.3837234e-05 |
| Q                  | 14.926965     |
| ValueNetAvgW       | 0.00026607496 |
| vpreds             | 0.022779886   |
| VQDiff             | 285.12854     |
--------------------------------------
--------------------------------------
| cliprange          | 0.122         |
| explained_variance | -0.0155       |
| FPS                | 4089          |
| iteration/nupdates | 780/1000      |
| loss               | 28.371857     |
| MAEpLen            | 21.4          |
| MAEpRet            | 22.4          |
| MeanStepRew        | 1.0           |
| PolicyNetAvgW      | 3.3587807e-05 |
| Q                  | 14.996019     |
| ValueNetAvgW       | 0.00026985668 |
| vpreds             | 0.055019185   |
| VQDiff             | 286.3227      |
--------------------------------------
--------------------------------------
| cliprange          | 0.121         |
| explained_variance | 0.00676       |
| FPS                | 4220          |
| iteration/nupdates | 790/1000      |
| loss               | 28.79742      |
| MAEpLen            | 21.9          |
| MAEpRet            | 22.9          |
| MeanStepRew        | 1.0           |
| PolicyNetAvgW      | 3.3340664e-05 |
| Q                  | 15.126724     |
| ValueNetAvgW       | 0.00027894287 |
| vpreds             | -0.002174172  |
| VQDiff             | 290.42282     |
--------------------------------------
--------------------------------------
| cliprange          | 0.12          |
| explained_variance | 0.00105       |
| FPS                | 4210          |
| iteration/nupdates | 800/1000      |
| loss               | 28.246117     |
| MAEpLen            | 21.7          |
| MAEpRet            | 22.7          |
| MeanStepRew        | 1.0           |
| PolicyNetAvgW      | 3.3415796e-05 |
| Q                  | 14.961191     |
| ValueNetAvgW       | 0.0002847832  |
| vpreds             | 0.03324116    |
| VQDiff             | 285.0233      |
--------------------------------------
-------------------------------------
| cliprange          | 0.119        |
| explained_variance | 0.00337      |
| FPS                | 4215         |
| iteration/nupdates | 810/1000     |
| loss               | 27.898663    |
| MAEpLen            | 21.3         |
| MAEpRet            | 22.3         |
| MeanStepRew        | 1.0          |
| PolicyNetAvgW      | 3.363582e-05 |
| Q                  | 14.792641    |
| ValueNetAvgW       | 0.0002776497 |
| vpreds             | -0.013688238 |
| VQDiff             | 281.45386    |
-------------------------------------
--------------------------------------
| cliprange          | 0.118         |
| explained_variance | -0.011        |
| FPS                | 4216          |
| iteration/nupdates | 820/1000      |
| loss               | 28.160961     |
| MAEpLen            | 21.1          |
| MAEpRet            | 22.1          |
| MeanStepRew        | 1.0           |
| PolicyNetAvgW      | 3.3428645e-05 |
| Q                  | 14.9746275    |
| ValueNetAvgW       | 0.00030412903 |
| vpreds             | 0.10235937    |
| VQDiff             | 284.03006     |
--------------------------------------
--------------------------------------
| cliprange          | 0.117         |
| explained_variance | 0.0158        |
| FPS                | 4132          |
| iteration/nupdates | 830/1000      |
| loss               | 28.097466     |
| MAEpLen            | 21.2          |
| MAEpRet            | 22.2          |
| MeanStepRew        | 1.0           |
| PolicyNetAvgW      | 3.3707474e-05 |
| Q                  | 14.839465     |
| ValueNetAvgW       | 0.0003140631  |
| vpreds             | -0.055436216  |
| VQDiff             | 283.32736     |
--------------------------------------
--------------------------------------
| cliprange          | 0.116         |
| explained_variance | 0.0263        |
| FPS                | 4079          |
| iteration/nupdates | 840/1000      |
| loss               | 27.624048     |
| MAEpLen            | 20.9          |
| MAEpRet            | 21.9          |
| MeanStepRew        | 1.0           |
| PolicyNetAvgW      | 3.3599288e-05 |
| Q                  | 14.768646     |
| ValueNetAvgW       | 0.0003249627  |
| vpreds             | 0.009692777   |
| VQDiff             | 278.6719      |
--------------------------------------
--------------------------------------
| cliprange          | 0.115         |
| explained_variance | -0.00659      |
| FPS                | 4094          |
| iteration/nupdates | 850/1000      |
| loss               | 28.59977      |
| MAEpLen            | 21.2          |
| MAEpRet            | 22.2          |
| MeanStepRew        | 1.0           |
| PolicyNetAvgW      | 3.3400443e-05 |
| Q                  | 15.093863     |
| ValueNetAvgW       | 0.0003452557  |
| vpreds             | 0.05688136    |
| VQDiff             | 288.49118     |
--------------------------------------
-------------------------------------
| cliprange          | 0.114        |
| explained_variance | 0.0515       |
| FPS                | 4119         |
| iteration/nupdates | 860/1000     |
| loss               | 26.64012     |
| MAEpLen            | 21.6         |
| MAEpRet            | 22.6         |
| MeanStepRew        | 1.0          |
| PolicyNetAvgW      | 3.34707e-05  |
| Q                  | 14.578556    |
| ValueNetAvgW       | 0.0003253488 |
| vpreds             | 0.10825777   |
| VQDiff             | 268.95422    |
-------------------------------------
--------------------------------------
| cliprange          | 0.113         |
| explained_variance | 0.0287        |
| FPS                | 4103          |
| iteration/nupdates | 870/1000      |
| loss               | 27.394241     |
| MAEpLen            | 21.5          |
| MAEpRet            | 22.5          |
| MeanStepRew        | 1.0           |
| PolicyNetAvgW      | 3.347612e-05  |
| Q                  | 14.689641     |
| ValueNetAvgW       | 0.00031531198 |
| vpreds             | 0.0056372983  |
| VQDiff             | 276.48083     |
--------------------------------------
--------------------------------------
| cliprange          | 0.112         |
| explained_variance | -0.00206      |
| FPS                | 4102          |
| iteration/nupdates | 880/1000      |
| loss               | 28.208036     |
| MAEpLen            | 21.6          |
| MAEpRet            | 22.6          |
| MeanStepRew        | 1.0           |
| PolicyNetAvgW      | 3.339458e-05  |
| Q                  | 14.892325     |
| ValueNetAvgW       | 0.00030215472 |
| vpreds             | -0.010570386  |
| VQDiff             | 284.51538     |
--------------------------------------
--------------------------------------
| cliprange          | 0.111         |
| explained_variance | -0.00373      |
| FPS                | 4099          |
| iteration/nupdates | 890/1000      |
| loss               | 28.4565       |
| MAEpLen            | 20.5          |
| MAEpRet            | 21.5          |
| MeanStepRew        | 1.0           |
| PolicyNetAvgW      | 3.3431657e-05 |
| Q                  | 14.945289     |
| ValueNetAvgW       | 0.00030184753 |
| vpreds             | -0.032534774  |
| VQDiff             | 286.80643     |
--------------------------------------
--------------------------------------
| cliprange          | 0.11          |
| explained_variance | 0.00942       |
| FPS                | 4090          |
| iteration/nupdates | 900/1000      |
| loss               | 27.756317     |
| MAEpLen            | 20.7          |
| MAEpRet            | 21.7          |
| MeanStepRew        | 1.0           |
| PolicyNetAvgW      | 3.3880104e-05 |
| Q                  | 14.855646     |
| ValueNetAvgW       | 0.0003076925  |
| vpreds             | 0.08189654    |
| VQDiff             | 280.08508     |
--------------------------------------
--------------------------------------
| cliprange          | 0.109         |
| explained_variance | -0.00595      |
| FPS                | 4080          |
| iteration/nupdates | 910/1000      |
| loss               | 28.297623     |
| MAEpLen            | 20.5          |
| MAEpRet            | 21.5          |
| MeanStepRew        | 1.0           |
| PolicyNetAvgW      | 3.432008e-05  |
| Q                  | 14.868723     |
| ValueNetAvgW       | 0.00030645746 |
| vpreds             | -0.05453467   |
| VQDiff             | 285.38364     |
--------------------------------------
--------------------------------------
| cliprange          | 0.108         |
| explained_variance | -0.0222       |
| FPS                | 4094          |
| iteration/nupdates | 920/1000      |
| loss               | 28.45179      |
| MAEpLen            | 20.6          |
| MAEpRet            | 21.6          |
| MeanStepRew        | 1.0           |
| PolicyNetAvgW      | 3.4308243e-05 |
| Q                  | 15.034289     |
| ValueNetAvgW       | 0.0003188752  |
| vpreds             | 0.08458733    |
| VQDiff             | 286.95773     |
--------------------------------------
-------------------------------------
| cliprange          | 0.107        |
| explained_variance | -0.00567     |
| FPS                | 4120         |
| iteration/nupdates | 930/1000     |
| loss               | 28.593782    |
| MAEpLen            | 20.8         |
| MAEpRet            | 21.8         |
| MeanStepRew        | 1.0          |
| PolicyNetAvgW      | 3.490322e-05 |
| Q                  | 15.058847    |
| ValueNetAvgW       | 0.0003426245 |
| vpreds             | 0.028778935  |
| VQDiff             | 288.35724    |
-------------------------------------
--------------------------------------
| cliprange          | 0.106         |
| explained_variance | -0.0196       |
| FPS                | 4545          |
| iteration/nupdates | 940/1000      |
| loss               | 28.847588     |
| MAEpLen            | 21.1          |
| MAEpRet            | 22.1          |
| MeanStepRew        | 1.0           |
| PolicyNetAvgW      | 3.5159435e-05 |
| Q                  | 14.916544     |
| ValueNetAvgW       | 0.00035784254 |
| vpreds             | -0.15896884   |
| VQDiff             | 290.7922      |
--------------------------------------
--------------------------------------
| cliprange          | 0.105         |
| explained_variance | 0.0398        |
| FPS                | 4527          |
| iteration/nupdates | 950/1000      |
| loss               | 27.78209      |
| MAEpLen            | 20.8          |
| MAEpRet            | 21.8          |
| MeanStepRew        | 1.0           |
| PolicyNetAvgW      | 3.5845253e-05 |
| Q                  | 14.833092     |
| ValueNetAvgW       | 0.00036725652 |
| vpreds             | -0.014498309  |
| VQDiff             | 280.33398     |
--------------------------------------
--------------------------------------
| cliprange          | 0.104         |
| explained_variance | 0.0209        |
| FPS                | 4512          |
| iteration/nupdates | 960/1000      |
| loss               | 27.445639     |
| MAEpLen            | 19.7          |
| MAEpRet            | 20.7          |
| MeanStepRew        | 1.0           |
| PolicyNetAvgW      | 3.7030528e-05 |
| Q                  | 14.778232     |
| ValueNetAvgW       | 0.00036436983 |
| vpreds             | 0.08389282    |
| VQDiff             | 277.0813      |
--------------------------------------
-------------------------------------
| cliprange          | 0.103        |
| explained_variance | -0.0284      |
| FPS                | 4509         |
| iteration/nupdates | 970/1000     |
| loss               | 28.040075    |
| MAEpLen            | 20.1         |
| MAEpRet            | 21.1         |
| MeanStepRew        | 1.0          |
| PolicyNetAvgW      | 3.723769e-05 |
| Q                  | 14.896574    |
| ValueNetAvgW       | 0.0003648409 |
| vpreds             | 0.112100095  |
| VQDiff             | 282.80844    |
-------------------------------------
--------------------------------------
| cliprange          | 0.102         |
| explained_variance | -0.00908      |
| FPS                | 4487          |
| iteration/nupdates | 980/1000      |
| loss               | 27.348442     |
| MAEpLen            | 20.8          |
| MAEpRet            | 21.8          |
| MeanStepRew        | 1.0           |
| PolicyNetAvgW      | 3.7974147e-05 |
| Q                  | 14.684525     |
| ValueNetAvgW       | 0.00035576517 |
| vpreds             | 0.10172889    |
| VQDiff             | 275.84854     |
--------------------------------------
--------------------------------------
| cliprange          | 0.101         |
| explained_variance | -0.00654      |
| FPS                | 4534          |
| iteration/nupdates | 990/1000      |
| loss               | 28.793114     |
| MAEpLen            | 20.3          |
| MAEpRet            | 21.3          |
| MeanStepRew        | 1.0           |
| PolicyNetAvgW      | 3.8017286e-05 |
| Q                  | 14.98123      |
| ValueNetAvgW       | 0.0003620616  |
| vpreds             | -0.1222413    |
| VQDiff             | 290.66467     |
--------------------------------------
--------------------------------------
| cliprange          | 0.1           |
| explained_variance | 0.0365        |
| FPS                | 4516          |
| iteration/nupdates | 1000/1000     |
| loss               | 28.185043     |
| MAEpLen            | 20.4          |
| MAEpRet            | 21.4          |
| MeanStepRew        | 1.0           |
| PolicyNetAvgW      | 3.931325e-05  |
| Q                  | 14.890636     |
| ValueNetAvgW       | 0.00038221688 |
| vpreds             | -0.0861059    |
| VQDiff             | 284.31616     |
--------------------------------------
